<?xml version="1.0" encoding="UTF-8"?>
<!-- Generated by org.testng.reporters.JUnitReportReporter -->
<testsuite hostname="DESKTOP-B8VKFPR" failures="0" tests="1" name="testCases.TC_001_AccountRegistrationTest" time="6.302" errors="0" timestamp="2023-06-15T12:14:17 IST" skipped="0">
  <testcase classname="testCases.TC_001_AccountRegistrationTest" name="test_registrationaccount" time="6.302"/>
  <system-out/>
</testsuite> <!-- testCases.TC_001_AccountRegistrationTest -->
