<?xml version="1.0" encoding="UTF-8"?>
<!-- Generated by org.testng.reporters.JUnitReportReporter -->
<testsuite hostname="DESKTOP-B8VKFPR" failures="0" tests="1" name="testCases.Tc_002_LoginTest" time="2.966" errors="0" timestamp="2023-06-15T11:03:54 IST" skipped="0">
  <testcase classname="testCases.Tc_002_LoginTest" name="test_login" time="2.966"/>
</testsuite> <!-- testCases.Tc_002_LoginTest -->
