<?xml version="1.0" encoding="UTF-8"?>
<!-- Generated by org.testng.reporters.JUnitReportReporter -->
<testsuite hostname="DESKTOP-B8VKFPR" failures="0" tests="1" name="testCases.TC_001_AccountRegistrationTest" time="7.127" errors="0" timestamp="2023-06-15T14:03:16 IST" skipped="0">
  <testcase classname="testCases.TC_001_AccountRegistrationTest" name="test_registrationaccount" time="7.127"/>
</testsuite> <!-- testCases.TC_001_AccountRegistrationTest -->
